<?xml version="1.0" encoding="UTF-8"?>
<testng-results skipped="0" failed="0" ignored="0" total="1" passed="1">
  <reporter-output>
  </reporter-output>
  <suite name="BrokenLinksSuite" duration-ms="23144" started-at="2025-09-25T02:00:09Z" finished-at="2025-09-25T02:00:32Z">
    <groups>
    </groups>
    <test name="BrokenLinksTester" duration-ms="23144" started-at="2025-09-25T02:00:09Z" finished-at="2025-09-25T02:00:32Z">
      <class name="tests.BrokenLinksTest">
        <test-method status="PASS" signature="setUp()[pri:0, instance:tests.BrokenLinksTest@289d1c02]" name="setUp" is-config="true" duration-ms="2185" started-at="2025-09-25T02:00:09Z" finished-at="2025-09-25T02:00:11Z">
          <reporter-output>
          </reporter-output>
        </test-method> <!-- setUp -->
        <test-method status="PASS" signature="checkBrokenLinks()[pri:0, instance:tests.BrokenLinksTest@289d1c02]" name="checkBrokenLinks" duration-ms="20222" started-at="2025-09-25T02:00:11Z" finished-at="2025-09-25T02:00:31Z">
          <reporter-output>
          </reporter-output>
        </test-method> <!-- checkBrokenLinks -->
        <test-method status="PASS" signature="tearDown()[pri:0, instance:tests.BrokenLinksTest@289d1c02]" name="tearDown" is-config="true" duration-ms="723" started-at="2025-09-25T02:00:31Z" finished-at="2025-09-25T02:00:32Z">
          <reporter-output>
          </reporter-output>
        </test-method> <!-- tearDown -->
      </class> <!-- tests.BrokenLinksTest -->
    </test> <!-- BrokenLinksTester -->
  </suite> <!-- BrokenLinksSuite -->
</testng-results>
