<?xml version="1.0" encoding="UTF-8"?>
<testsuite xmlns:xsi="http://www.w3.org/2001/XMLSchema-instance" xsi:noNamespaceSchemaLocation="https://maven.apache.org/surefire/maven-surefire-plugin/xsd/surefire-test-report.xsd" version="3.0.2" name="TestSuite" time="23.834" tests="1" errors="0" skipped="0" failures="0">
  <properties>
[...]
</properties>
  <testcase name="checkBrokenLinks" classname="tests.BrokenLinksTest" time="21.449">
    <system-out><![CDATA[Total links found: 66
✅ Working Link: https://www.afor.co.nz/cart
✅ Working Link: https://www.afor.co.nz/#page
✅ Working Link: https://www.afor.co.nz/
✅ Working Link: https://www.afor.co.nz/
✅ Working Link: https://www.afor.co.nz/services
✅ Working Link: https://www.afor.co.nz/all-services
✅ Working Link: https://www.afor.co.nz/ai-enhanced-test-automation
✅ Working Link: https://www.afor.co.nz/test-management-release-engineering
✅ Working Link: https://www.afor.co.nz/devops-platform-engineering
✅ Working Link: https://www.afor.co.nz/performance-load-testing
✅ Working Link: https://www.afor.co.nz/blog
✅ Working Link: https://www.afor.co.nz/case-studies
✅ Working Link: https://www.afor.co.nz/framework
✅ Working Link: https://www.afor.co.nz/automation-roi
✅ Working Link: https://www.afor.co.nz/sustainability
✅ Working Link: https://www.afor.co.nz/about-us
✅ Working Link: https://www.afor.co.nz/contact-us
✅ Working Link: https://www.afor.co.nz/
✅ Working Link: https://www.afor.co.nz/
✅ Working Link: https://www.afor.co.nz/services
✅ Working Link: https://www.afor.co.nz/all-services
✅ Working Link: https://www.afor.co.nz/ai-enhanced-test-automation
✅ Working Link: https://www.afor.co.nz/test-management-release-engineering
✅ Working Link: https://www.afor.co.nz/devops-platform-engineering
✅ Working Link: https://www.afor.co.nz/performance-load-testing
✅ Working Link: https://www.afor.co.nz/blog
✅ Working Link: https://www.afor.co.nz/case-studies
✅ Working Link: https://www.afor.co.nz/framework
✅ Working Link: https://www.afor.co.nz/automation-roi
✅ Working Link: https://www.afor.co.nz/sustainability
✅ Working Link: https://www.afor.co.nz/about-us
✅ Working Link: https://www.afor.co.nz/contact-us
✅ Working Link: https://www.afor.co.nz/
✅ Working Link: https://www.afor.co.nz/services
✅ Working Link: https://www.afor.co.nz/blog
✅ Working Link: https://www.afor.co.nz/case-studies
✅ Working Link: https://www.afor.co.nz/framework
✅ Working Link: https://www.afor.co.nz/automation-roi
✅ Working Link: https://www.afor.co.nz/sustainability
✅ Working Link: https://www.afor.co.nz/about-us
✅ Working Link: https://www.afor.co.nz/contact-us
✅ Working Link: https://www.afor.co.nz/
✅ Working Link: https://www.afor.co.nz/all-services
✅ Working Link: https://www.afor.co.nz/ai-enhanced-test-automation
✅ Working Link: https://www.afor.co.nz/test-management-release-engineering
✅ Working Link: https://www.afor.co.nz/devops-platform-engineering
✅ Working Link: https://www.afor.co.nz/performance-load-testing
✅ Working Link: https://www.afor.co.nz/performance-load-testing
✅ Working Link: https://www.afor.co.nz/blog/test-automation-failure-enterprise
✅ Working Link: https://www.afor.co.nz/ai-enhanced-test-automation
✅ Working Link: https://www.afor.co.nz/test-management-release-engineering
✅ Working Link: https://www.afor.co.nz/devops-platform-engineering
✅ Working Link: https://www.afor.co.nz/all-services
✅ Working Link: https://www.afor.co.nz/automation-roi
✅ Working Link: mailto:info@afor.co.nz?
✅ Working Link: https://www.linkedin.com/company/afor
✅ Working Link: https://www.shoutandco.com/
✅ Working Link: https://www.afor.co.nz/all-services
✅ Working Link: https://www.afor.co.nz/framework
✅ Working Link: https://www.afor.co.nz/sustainability
✅ Working Link: https://www.afor.co.nz/case-studies
✅ Working Link: https://www.afor.co.nz/about-us
✅ Working Link: https://www.afor.co.nz/contact-us
✅ Working Link: https://www.afor.co.nz/terms-of-use
✅ Working Link: https://www.afor.co.nz/privacy-policy
✅ Working Link: mailto:sales@afor.co.nz?subject=Afor%20Customer%20Enquiry
]]></system-out>
    <system-err><![CDATA[SLF4J: Failed to load class "org.slf4j.impl.StaticLoggerBinder".
SLF4J: Defaulting to no-operation (NOP) logger implementation
SLF4J: See http://www.slf4j.org/codes.html#StaticLoggerBinder for further details.
Sept 25, 2025 12:40:17 PM org.openqa.selenium.devtools.CdpVersionFinder findNearestMatch
WARNING: Unable to find CDP implementation matching 140
Sept 25, 2025 12:40:17 PM org.openqa.selenium.chromium.ChromiumDriver lambda$new$5
WARNING: Unable to find version of CDP to use for 140.0.7339.128. You may need to include a dependency on a specific version of the CDP using something similar to `org.seleniumhq.selenium:selenium-devtools-v86:4.22.0` where the version ("v86") matches the version of the chromium-based browser you're using and the version number of the artifact is the same as Selenium's.
]]></system-err>
  </testcase>
</testsuite>