<?xml version="1.0" encoding="UTF-8"?>
<testsuite xmlns:xsi="http://www.w3.org/2001/XMLSchema-instance" xsi:noNamespaceSchemaLocation="https://maven.apache.org/surefire/maven-surefire-plugin/xsd/surefire-test-report.xsd" version="3.0.2" name="TestSuite" time="24.595" tests="1" errors="0" skipped="0" failures="0">
  <properties>
[...]
</properties>
  <testcase name="checkBrokenLinks" classname="tests.BrokenLinksTest" time="20.221">
    <system-out><![CDATA[[TestNGContentHandler] [WARN] It is strongly recommended to add "<!DOCTYPE suite SYSTEM "http://testng.org/testng-1.0.dtd" >" at the top of your file, otherwise TestNG may fail or not work as expected.
Total links found: 66
✅ Working Link: https://www.afor.co.nz/cart
✅ Working Link: https://www.afor.co.nz/#page
✅ Working Link: https://www.afor.co.nz/
✅ Working Link: https://www.afor.co.nz/
✅ Working Link: https://www.afor.co.nz/services
✅ Working Link: https://www.afor.co.nz/all-services
✅ Working Link: https://www.afor.co.nz/ai-enhanced-test-automation
✅ Working Link: https://www.afor.co.nz/test-management-release-engineering
✅ Working Link: https://www.afor.co.nz/devops-platform-engineering
✅ Working Link: https://www.afor.co.nz/performance-load-testing
✅ Working Link: https://www.afor.co.nz/blog
✅ Working Link: https://www.afor.co.nz/case-studies
✅ Working Link: https://www.afor.co.nz/framework
✅ Working Link: https://www.afor.co.nz/automation-roi
✅ Working Link: https://www.afor.co.nz/sustainability
✅ Working Link: https://www.afor.co.nz/about-us
✅ Working Link: https://www.afor.co.nz/contact-us
✅ Working Link: https://www.afor.co.nz/
✅ Working Link: https://www.afor.co.nz/
✅ Working Link: https://www.afor.co.nz/services
✅ Working Link: https://www.afor.co.nz/all-services
✅ Working Link: https://www.afor.co.nz/ai-enhanced-test-automation
✅ Working Link: https://www.afor.co.nz/test-management-release-engineering
✅ Working Link: https://www.afor.co.nz/devops-platform-engineering
✅ Working Link: https://www.afor.co.nz/performance-load-testing
✅ Working Link: https://www.afor.co.nz/blog
✅ Working Link: https://www.afor.co.nz/case-studies
✅ Working Link: https://www.afor.co.nz/framework
✅ Working Link: https://www.afor.co.nz/automation-roi
✅ Working Link: https://www.afor.co.nz/sustainability
✅ Working Link: https://www.afor.co.nz/about-us
✅ Working Link: https://www.afor.co.nz/contact-us
✅ Working Link: https://www.afor.co.nz/
✅ Working Link: https://www.afor.co.nz/services
✅ Working Link: https://www.afor.co.nz/blog
✅ Working Link: https://www.afor.co.nz/case-studies
✅ Working Link: https://www.afor.co.nz/framework
✅ Working Link: https://www.afor.co.nz/automation-roi
✅ Working Link: https://www.afor.co.nz/sustainability
✅ Working Link: https://www.afor.co.nz/about-us
✅ Working Link: https://www.afor.co.nz/contact-us
✅ Working Link: https://www.afor.co.nz/
✅ Working Link: https://www.afor.co.nz/all-services
✅ Working Link: https://www.afor.co.nz/ai-enhanced-test-automation
✅ Working Link: https://www.afor.co.nz/test-management-release-engineering
✅ Working Link: https://www.afor.co.nz/devops-platform-engineering
✅ Working Link: https://www.afor.co.nz/performance-load-testing
✅ Working Link: https://www.afor.co.nz/performance-load-testing
✅ Working Link: https://www.afor.co.nz/blog/test-automation-failure-enterprise
✅ Working Link: https://www.afor.co.nz/ai-enhanced-test-automation
✅ Working Link: https://www.afor.co.nz/test-management-release-engineering
✅ Working Link: https://www.afor.co.nz/devops-platform-engineering
✅ Working Link: https://www.afor.co.nz/all-services
✅ Working Link: https://www.afor.co.nz/automation-roi
✅ Working Link: mailto:info@afor.co.nz?
✅ Working Link: https://www.linkedin.com/company/afor
✅ Working Link: https://www.shoutandco.com/
✅ Working Link: https://www.afor.co.nz/all-services
✅ Working Link: https://www.afor.co.nz/framework
✅ Working Link: https://www.afor.co.nz/sustainability
✅ Working Link: https://www.afor.co.nz/case-studies
✅ Working Link: https://www.afor.co.nz/about-us
✅ Working Link: https://www.afor.co.nz/contact-us
✅ Working Link: https://www.afor.co.nz/terms-of-use
✅ Working Link: https://www.afor.co.nz/privacy-policy
✅ Working Link: mailto:sales@afor.co.nz?subject=Afor%20Customer%20Enquiry
]]></system-out>
    <system-err><![CDATA[SLF4J: Failed to load class "org.slf4j.impl.StaticLoggerBinder".
SLF4J: Defaulting to no-operation (NOP) logger implementation
SLF4J: See http://www.slf4j.org/codes.html#StaticLoggerBinder for further details.
Starting ChromeDriver 140.0.7339.207 (17230b545fd18b35aad49122e5af97a463bc7a9c-refs/branch-heads/7339@{#2364}) on port 41196
Only local connections are allowed.
Please see https://chromedriver.chromium.org/security-considerations for suggestions on keeping ChromeDriver safe.
ChromeDriver was started successfully on port 41196.
Sep 25, 2025 2:00:11 PM org.openqa.selenium.remote.ProtocolHandshake createSession
INFO: Detected dialect: W3C
]]></system-err>
  </testcase>
</testsuite>