<?xml version="1.0" encoding="UTF-8"?>
<testng-results ignored="0" total="1" passed="1" failed="0" skipped="0">
  <reporter-output>
  </reporter-output>
  <suite started-at="2025-09-25T12:40:15 NZST" name="BrokenLinksSuite" finished-at="2025-09-25T12:40:38 NZST" duration-ms="23391">
    <groups>
    </groups>
    <test started-at="2025-09-25T12:40:15 NZST" name="BrokenLinksTest" finished-at="2025-09-25T12:40:38 NZST" duration-ms="23391">
      <class name="tests.BrokenLinksTest">
        <test-method is-config="true" signature="setUp()[pri:0, instance:tests.BrokenLinksTest@79924b]" started-at="2025-09-25T12:40:15 NZST" name="setUp" finished-at="2025-09-25T12:40:17 NZST" duration-ms="1737" status="PASS">
          <reporter-output>
          </reporter-output>
        </test-method> <!-- setUp -->
        <test-method signature="checkBrokenLinks()[pri:0, instance:tests.BrokenLinksTest@79924b]" started-at="2025-09-25T12:40:17 NZST" name="checkBrokenLinks" finished-at="2025-09-25T12:40:38 NZST" duration-ms="21452" status="PASS">
          <reporter-output>
          </reporter-output>
        </test-method> <!-- checkBrokenLinks -->
        <test-method is-config="true" signature="tearDown()[pri:0, instance:tests.BrokenLinksTest@79924b]" started-at="2025-09-25T12:40:38 NZST" name="tearDown" finished-at="2025-09-25T12:40:38 NZST" duration-ms="172" status="PASS">
          <reporter-output>
          </reporter-output>
        </test-method> <!-- tearDown -->
      </class> <!-- tests.BrokenLinksTest -->
    </test> <!-- BrokenLinksTest -->
  </suite> <!-- BrokenLinksSuite -->
</testng-results>
